\BOOKMARK [0][]{Title.0}{Title}{}% 1
\BOOKMARK [0][]{Acknowledgments.0}{Acknowledgments}{}% 2
\BOOKMARK [0][]{Abstract.0}{Abstract}{}% 3
\BOOKMARK [0][]{Resumo.0}{Resumo}{}% 4
\BOOKMARK [0][]{index.0}{Index}{}% 5
\BOOKMARK [1][]{toc.1}{Contents}{index.0}% 6
\BOOKMARK [1][]{lof.1}{List of Figures}{index.0}% 7
\BOOKMARK [1][]{lot.1}{List of Tables}{index.0}% 8
\BOOKMARK [1][]{loac.1}{List of Acronyms}{index.0}% 9
\BOOKMARK [1][]{los.1}{List of Symbols}{index.0}% 10
\BOOKMARK [0][]{chapter.1}{1 Introduction}{}% 11
\BOOKMARK [1][]{section.1.1}{1.1 Motivation}{chapter.1}% 12
\BOOKMARK [1][]{section.1.2}{1.2 State of The Art}{chapter.1}% 13
\BOOKMARK [2][]{subsection.1.2.1}{1.2.1 Infrared Thermography Techniques}{section.1.2}% 14
\BOOKMARK [2][]{subsection.1.2.2}{1.2.2 Numerical Studies}{section.1.2}% 15
\BOOKMARK [1][]{section.1.3}{1.3 Objectives}{chapter.1}% 16
\BOOKMARK [1][]{section.1.4}{1.4 Thesis Outline}{chapter.1}% 17
\BOOKMARK [0][]{chapter.2}{2 Theoretical Background}{}% 18
\BOOKMARK [1][]{section.2.1}{2.1 Infrared Thermography}{chapter.2}% 19
\BOOKMARK [2][]{subsection.2.1.1}{2.1.1 Radiation Intensity to Temperature Conversion}{section.2.1}% 20
\BOOKMARK [3][]{subsubsection.2.1.1.1}{2.1.1.A Blackbody Equations}{subsection.2.1.1}% 21
\BOOKMARK [3][]{subsubsection.2.1.1.2}{2.1.1.B Atmosphere Attenuation}{subsection.2.1.1}% 22
\BOOKMARK [3][]{subsubsection.2.1.1.3}{2.1.1.C Total Radiation}{subsection.2.1.1}% 23
\BOOKMARK [1][]{section.2.2}{2.2 Wettability}{chapter.2}% 24
\BOOKMARK [1][]{section.2.3}{2.3 Droplet Impact}{chapter.2}% 25
\BOOKMARK [1][]{section.2.4}{2.4 Heat Transfer}{chapter.2}% 26
\BOOKMARK [0][]{chapter.3}{3 Experimental Setups}{}% 27
\BOOKMARK [1][]{section.3.1}{3.1 Introduction}{chapter.3}% 28
\BOOKMARK [1][]{section.3.2}{3.2 The Infrared \(IR\) Camera}{chapter.3}% 29
\BOOKMARK [2][]{subsection.3.2.1}{3.2.1 Camera properties}{section.3.2}% 30
\BOOKMARK [2][]{subsection.3.2.2}{3.2.2 The Software}{section.3.2}% 31
\BOOKMARK [3][]{subsubsection.3.2.2.1}{3.2.2.A Selecting a Calibration Pack}{subsection.3.2.2}% 32
\BOOKMARK [3][]{subsubsection.3.2.2.2}{3.2.2.B Main Window}{subsection.3.2.2}% 33
\BOOKMARK [3][]{subsubsection.3.2.2.3}{3.2.2.C Offset Calibration}{subsection.3.2.2}% 34
\BOOKMARK [1][]{section.3.3}{3.3 Experimental set up to obtain profile views of the droplet}{chapter.3}% 35
\BOOKMARK [2][]{subsection.3.3.1}{3.3.1 Procedure}{section.3.3}% 36
\BOOKMARK [1][]{section.3.4}{3.4 Bottom View of the metal foil}{chapter.3}% 37
\BOOKMARK [1][]{section.3.5}{3.5 Surface preparation and Characterization}{chapter.3}% 38
\BOOKMARK [0][]{chapter.4}{4 Calibration and Data Processing Methods}{}% 39
\BOOKMARK [1][]{section.4.1}{4.1 Blackbody Calibration Sources}{chapter.4}% 40
\BOOKMARK [2][]{subsection.4.1.1}{4.1.1 Design details}{section.4.1}% 41
\BOOKMARK [2][]{subsection.4.1.2}{4.1.2 Building Process}{section.4.1}% 42
\BOOKMARK [1][]{section.4.2}{4.2 Calibration process}{chapter.4}% 43
\BOOKMARK [2][]{subsection.4.2.1}{4.2.1 Software Calibration}{section.4.2}% 44
\BOOKMARK [2][]{subsection.4.2.2}{4.2.2 Proposed Calibration}{section.4.2}% 45
\BOOKMARK [2][]{subsection.4.2.3}{4.2.3 Calibration Process Details}{section.4.2}% 46
\BOOKMARK [1][]{section.4.3}{4.3 Data Processing Methods}{chapter.4}% 47
\BOOKMARK [2][]{subsection.4.3.1}{4.3.1 Patterned Noise}{section.4.3}% 48
\BOOKMARK [2][]{subsection.4.3.2}{4.3.2 Median Filter}{section.4.3}% 49
\BOOKMARK [2][]{subsection.4.3.3}{4.3.3 Background Filter}{section.4.3}% 50
\BOOKMARK [2][]{subsection.4.3.4}{4.3.4 Heat Flux computation}{section.4.3}% 51
\BOOKMARK [0][]{chapter.5}{5 Experimental Results}{}% 52
\BOOKMARK [1][]{section.5.1}{5.1 Indroduction}{chapter.5}% 53
\BOOKMARK [1][]{section.5.2}{5.2 Side View}{chapter.5}% 54
\BOOKMARK [1][]{section.5.3}{5.3 Bottom View}{chapter.5}% 55
\BOOKMARK [2][]{subsection.5.3.1}{5.3.1 Result of applying the custom made calibration method}{section.5.3}% 56
\BOOKMARK [2][]{subsection.5.3.2}{5.3.2 Simultaneous analysis of droplet dynamics and thermal processes}{section.5.3}% 57
\BOOKMARK [2][]{subsection.5.3.3}{5.3.3 Influence of the impact velocity}{section.5.3}% 58
\BOOKMARK [2][]{subsection.5.3.4}{5.3.4 Influence of the initial foil temperature}{section.5.3}% 59
\BOOKMARK [2][]{subsection.5.3.5}{5.3.5 Effect of liquid surface tension}{section.5.3}% 60
\BOOKMARK [2][]{subsection.5.3.6}{5.3.6 Effect of extreme wetting scenarios: Hydrophilic and Super-Hydrophobic surfaces}{section.5.3}% 61
\BOOKMARK [0][]{chapter.6}{6 Conclusions and Future Work}{}% 62
\BOOKMARK [1][]{section.6.1}{6.1 Future Work}{chapter.6}% 63
\BOOKMARK [0][]{section*.80}{Bibliography}{}% 64
\BOOKMARK [0][]{appendix.A}{Appendix A MATLAB function: calibration.mat}{}% 65
\BOOKMARK [0][]{appendix.B}{Appendix B MATLAB function: pbkgremove.mat}{}% 66
\BOOKMARK [0][]{appendix.C}{Appendix C MATLAB function: fluxo.mat}{}% 67
\BOOKMARK [0][]{appendix.D}{Appendix D MATLAB function: fluxo.mat}{}% 68
